# JRE version: OpenJDK Runtime Environment (24.0.2+12) (build 24.0.2+12-54)
# Java VM: OpenJDK 64-Bit Server VM (24.0.2+12-54, mixed mode, sharing, tiered, compressed oops, compressed class ptrs, g1 gc, windows-amd64)
GC Precious Log:
 CardTable entry size: 512
 Card Set container configuration: InlinePtr #cards 5 size 8 Array Of Cards #cards 10 size 36 Howl #buckets 4 coarsen threshold 1843 Howl Bitmap #cards 512 size 80 coarsen threshold 460 Card regions per heap region 1 cards per card region 2048
 CPUs: 4 total, 4 available
 Memory: 3951M
 Large Page Support: Disabled
 NUMA Support: Disabled
 Compressed Oops: Enabled (32-bit)
 Heap Region Size: 1M
 Heap Min Capacity: 8M
 Heap Initial Capacity: 62M
 Heap Max Capacity: 988M
 Pre-touch: Disabled
 Parallel Workers: 4
 Concurrent Workers: 1
 Concurrent Refinement Workers: 4
 Periodic GC: Disabled
Heap:
 garbage-first heap   total reserved 1011712K, committed 51200K, used 23579K [0x00000000c2400000, 0x0000000100000000)
  region size 1024K, 7 young (7168K), 3 survivors (3072K)
 Metaspace       used 32180K, committed 32576K, reserved 1114112K
  class space    used 3374K, committed 3584K, reserved 1048576K
GC Heap History (14 events):
Event: 5.021 GC heap before
{Heap before GC invocations=0 (full 0):
 garbage-first heap   total reserved 1011712K, committed 65536K, used 30832K [0x00000000c2400000, 0x0000000100000000)
  region size 1024K, 28 young (28672K), 0 survivors (0K)
 Metaspace       used 7092K, committed 7296K, reserved 1114112K
  class space    used 664K, committed 768K, reserved 1048576K
}
Event: 5.039 GC heap after
{Heap after GC invocations=1 (full 0):
 garbage-first heap   total reserved 1011712K, committed 65536K, used 9625K [0x00000000c2400000, 0x0000000100000000)
  region size 1024K, 4 young (4096K), 4 survivors (4096K)
 Metaspace       used 7092K, committed 7296K, reserved 1114112K
  class space    used 664K, committed 768K, reserved 1048576K
}
Event: 8.215 GC heap before
{Heap before GC invocations=1 (full 0):
 garbage-first heap   total reserved 1011712K, committed 65536K, used 32153K [0x00000000c2400000, 0x0000000100000000)
  region size 1024K, 27 young (27648K), 4 survivors (4096K)
 Metaspace       used 12207K, committed 12544K, reserved 1114112K
  class space    used 1310K, committed 1472K, reserved 1048576K
}
Event: 8.223 GC heap after
{Heap after GC invocations=2 (full 0):
 garbage-first heap   total reserved 1011712K, committed 65536K, used 11590K [0x00000000c2400000, 0x0000000100000000)
  region size 1024K, 2 young (2048K), 2 survivors (2048K)
 Metaspace       used 12207K, committed 12544K, reserved 1114112K
  class space    used 1310K, committed 1472K, reserved 1048576K
}
Event: 11.932 GC heap before
{Heap before GC invocations=2 (full 0):
 garbage-first heap   total reserved 1011712K, committed 65536K, used 38214K [0x00000000c2400000, 0x0000000100000000)
  region size 1024K, 29 young (29696K), 2 survivors (2048K)
 Metaspace       used 20586K, committed 20864K, reserved 1114112K
  class space    used 2129K, committed 2240K, reserved 1048576K
}
Event: 11.953 GC heap after
{Heap after GC invocations=3 (full 0):
 garbage-first heap   total reserved 1011712K, committed 65536K, used 13422K [0x00000000c2400000, 0x0000000100000000)
  region size 1024K, 4 young (4096K), 4 survivors (4096K)
 Metaspace       used 20586K, committed 20864K, reserved 1114112K
  class space    used 2129K, committed 2240K, reserved 1048576K
}
Event: 12.556 GC heap before
{Heap before GC invocations=3 (full 0):
 garbage-first heap   total reserved 1011712K, committed 65536K, used 16494K [0x00000000c2400000, 0x0000000100000000)
  region size 1024K, 8 young (8192K), 4 survivors (4096K)
 Metaspace       used 21302K, committed 21504K, reserved 1114112K
  class space    used 2199K, committed 2304K, reserved 1048576K
}
Event: 12.563 GC heap after
{Heap after GC invocations=4 (full 0):
 garbage-first heap   total reserved 1011712K, committed 65536K, used 14004K [0x00000000c2400000, 0x0000000100000000)
  region size 1024K, 3 young (3072K), 3 survivors (3072K)
 Metaspace       used 21302K, committed 21504K, reserved 1114112K
  class space    used 2199K, committed 2304K, reserved 1048576K
}
Event: 15.883 GC heap before
{Heap before GC invocations=5 (full 0):
 garbage-first heap   total reserved 1011712K, committed 51200K, used 40628K [0x00000000c2400000, 0x0000000100000000)
  region size 1024K, 30 young (30720K), 3 survivors (3072K)
 Metaspace       used 24611K, committed 24896K, reserved 1114112K
  class space    used 2504K, committed 2624K, reserved 1048576K
}
Event: 15.897 GC heap after
{Heap after GC invocations=6 (full 0):
 garbage-first heap   total reserved 1011712K, committed 51200K, used 16885K [0x00000000c2400000, 0x0000000100000000)
  region size 1024K, 4 young (4096K), 4 survivors (4096K)
 Metaspace       used 24611K, committed 24896K, reserved 1114112K
  class space    used 2504K, committed 2624K, reserved 1048576K
}
Event: 18.306 GC heap before
{Heap before GC invocations=6 (full 0):
 garbage-first heap   total reserved 1011712K, committed 51200K, used 38389K [0x00000000c2400000, 0x0000000100000000)
  region size 1024K, 25 young (25600K), 4 survivors (4096K)
 Metaspace       used 27920K, committed 28288K, reserved 1114112K
  class space    used 2871K, committed 3008K, reserved 1048576K
}
Event: 18.319 GC heap after
{Heap after GC invocations=7 (full 0):
 garbage-first heap   total reserved 1011712K, committed 51200K, used 18445K [0x00000000c2400000, 0x0000000100000000)
  region size 1024K, 2 young (2048K), 2 survivors (2048K)
 Metaspace       used 27920K, committed 28288K, reserved 1114112K
  class space    used 2871K, committed 3008K, reserved 1048576K
}
Event: 22.603 GC heap before
{Heap before GC invocations=7 (full 0):
 garbage-first heap   total reserved 1011712K, committed 51200K, used 40973K [0x00000000c2400000, 0x0000000100000000)
  region size 1024K, 24 young (24576K), 2 survivors (2048K)
 Metaspace       used 31212K, committed 31552K, reserved 1114112K
  class space    used 3291K, committed 3392K, reserved 1048576K
}
Event: 22.610 GC heap after
{Heap after GC invocations=8 (full 0):
 garbage-first heap   total reserved 1011712K, committed 51200K, used 20507K [0x00000000c2400000, 0x0000000100000000)
  region size 1024K, 3 young (3072K), 3 survivors (3072K)
 Metaspace       used 31212K, committed 31552K, reserved 1114112K
  class space    used 3291K, committed 3392K, reserved 1048576K
}

